<?xml version="1.0" encoding="UTF-8"?>
<!-- Generated by org.testng.reporters.JUnitXMLReporter -->
<testsuite hostname="strandss-MacBook-Pro.local" ignored="8" name="Command line test" tests="5" failures="0" timestamp="01 Sep 2020 07:07:52 GMT" time="0.023" errors="0">
  <testcase name="testATestClassTwo" time="0.001" classname="annotations.TestClassTwo"/>
  <testcase name="testBTestClassTwo" time="0.0" classname="annotations.TestClassTwo"/>
  <testcase name="annotationMethod" time="0.0" classname="annotations.TestAnnotation"/>
  <testcase name="testATestClassOne" time="0.001" classname="annotations.TestClassOne"/>
  <testcase name="testBTestClassOne" time="0.001" classname="annotations.TestClassOne"/>
  <testcase name="@AfterSuite AfterSuite" time="0.0" classname="base.TestBase">
    <ignored/>
  </testcase> <!-- @AfterSuite AfterSuite -->
  <testcase name="@AfterSuite AfterSuite" time="0.0" classname="base.TestBase">
    <ignored/>
  </testcase> <!-- @AfterSuite AfterSuite -->
  <testcase name="@BeforeSuite BeforeSuite" time="0.0" classname="base.TestBase">
    <ignored/>
  </testcase> <!-- @BeforeSuite BeforeSuite -->
  <testcase name="@BeforeSuite BeforeSuite" time="0.0" classname="base.TestBase">
    <ignored/>
  </testcase> <!-- @BeforeSuite BeforeSuite -->
  <testcase name="@BeforeTest BeforeTest" time="0.0" classname="base.TestBase">
    <ignored/>
  </testcase> <!-- @BeforeTest BeforeTest -->
  <testcase name="@BeforeTest BeforeTest" time="0.0" classname="base.TestBase">
    <ignored/>
  </testcase> <!-- @BeforeTest BeforeTest -->
  <testcase name="@AfterTest AfterTest" time="0.0" classname="base.TestBase">
    <ignored/>
  </testcase> <!-- @AfterTest AfterTest -->
  <testcase name="@AfterTest AfterTest" time="0.0" classname="base.TestBase">
    <ignored/>
  </testcase> <!-- @AfterTest AfterTest -->
</testsuite> <!-- Command line test -->
