<?xml version="1.0" encoding="UTF-8" ?>
<testsuite tests="5" failures="0" name="TestSuite" time="0.002" errors="0" skipped="0">
  <properties>
[...]
</properties>
  <testcase classname="annotations.TestClassTwo" name="testATestClassTwo" time="0.002"/>
  <testcase classname="annotations.TestClassTwo" name="testBTestClassTwo" time="0"/>
  <testcase classname="annotations.TestAnnotation" name="annotationMethod" time="0"/>
  <testcase classname="annotations.TestClassOne" name="testATestClassOne" time="0"/>
  <testcase classname="annotations.TestClassOne" name="testBTestClassOne" time="0"/>
</testsuite>